# JRE version: Java(TM) SE Runtime Environment (8.0_261-b12) (build 1.8.0_261-b12)
# Java VM: Java HotSpot(TM) 64-Bit Server VM (25.261-b12 mixed mode windows-amd64 compressed oops)
Heap:
 PSYoungGen      total 193024K, used 105631K [0x00000000d5580000, 0x00000000e4380000, 0x0000000100000000)
  eden space 163840K, 46% used [0x00000000d5580000,0x00000000da02c280,0x00000000df580000)
  from space 29184K, 99% used [0x00000000df580000,0x00000000e11fb980,0x00000000e1200000)
  to   space 27136K, 0% used [0x00000000e1200000,0x00000000e1200000,0x00000000e2c80000)
 ParOldGen       total 351232K, used 35696K [0x0000000080000000, 0x0000000095700000, 0x00000000d5580000)
  object space 351232K, 10% used [0x0000000080000000,0x00000000822dc1b8,0x0000000095700000)
 Metaspace       used 78275K, capacity 87359K, committed 87464K, reserved 1126400K
  class space    used 10644K, capacity 11203K, committed 11264K, reserved 1048576K
GC Heap History (10 events):
Event: 4.937 GC heap before
{Heap before GC invocations=6 (full 2):
 PSYoungGen      total 153088K, used 12433K [0x00000000d5580000, 0x00000000e4c80000, 0x0000000100000000)
  eden space 131584K, 0% used [0x00000000d5580000,0x00000000d5580000,0x00000000dd600000)
  from space 21504K, 57% used [0x00000000deb00000,0x00000000df724418,0x00000000e0000000)
  to   space 21504K, 0% used [0x00000000dd600000,0x00000000dd600000,0x00000000deb00000)
 ParOldGen       total 349696K, used 6206K [0x0000000080000000, 0x0000000095580000, 0x00000000d5580000)
  object space 349696K, 1% used [0x0000000080000000,0x000000008060fa70,0x0000000095580000)
 Metaspace       used 34392K, capacity 35446K, committed 35496K, reserved 1079296K
  class space    used 4641K, capacity 4833K, committed 4864K, reserved 1048576K
Event: 4.973 GC heap after
Heap after GC invocations=6 (full 2):
 PSYoungGen      total 153088K, used 0K [0x00000000d5580000, 0x00000000e4c80000, 0x0000000100000000)
  eden space 131584K, 0% used [0x00000000d5580000,0x00000000d5580000,0x00000000dd600000)
  from space 21504K, 0% used [0x00000000deb00000,0x00000000deb00000,0x00000000e0000000)
  to   space 21504K, 0% used [0x00000000dd600000,0x00000000dd600000,0x00000000deb00000)
 ParOldGen       total 351232K, used 15155K [0x0000000080000000, 0x0000000095700000, 0x00000000d5580000)
  object space 351232K, 4% used [0x0000000080000000,0x0000000080eccee0,0x0000000095700000)
 Metaspace       used 34392K, capacity 35446K, committed 35496K, reserved 1079296K
  class space    used 4641K, capacity 4833K, committed 4864K, reserved 1048576K
}
Event: 7.937 GC heap before
{Heap before GC invocations=7 (full 2):
 PSYoungGen      total 153088K, used 131584K [0x00000000d5580000, 0x00000000e4c80000, 0x0000000100000000)
  eden space 131584K, 100% used [0x00000000d5580000,0x00000000dd600000,0x00000000dd600000)
  from space 21504K, 0% used [0x00000000deb00000,0x00000000deb00000,0x00000000e0000000)
  to   space 21504K, 0% used [0x00000000dd600000,0x00000000dd600000,0x00000000deb00000)
 ParOldGen       total 351232K, used 15155K [0x0000000080000000, 0x0000000095700000, 0x00000000d5580000)
  object space 351232K, 4% used [0x0000000080000000,0x0000000080eccee0,0x0000000095700000)
 Metaspace       used 53326K, capacity 56339K, committed 56616K, reserved 1099776K
  class space    used 7006K, capacity 7263K, committed 7296K, reserved 1048576K
Event: 7.959 GC heap after
Heap after GC invocations=7 (full 2):
 PSYoungGen      total 153088K, used 21490K [0x00000000d5580000, 0x00000000e2c80000, 0x0000000100000000)
  eden space 131584K, 0% used [0x00000000d5580000,0x00000000d5580000,0x00000000dd600000)
  from space 21504K, 99% used [0x00000000dd600000,0x00000000deafca40,0x00000000deb00000)
  to   space 27136K, 0% used [0x00000000e1200000,0x00000000e1200000,0x00000000e2c80000)
 ParOldGen       total 351232K, used 24257K [0x0000000080000000, 0x0000000095700000, 0x00000000d5580000)
  object space 351232K, 6% used [0x0000000080000000,0x00000000817b04d8,0x0000000095700000)
 Metaspace       used 53326K, capacity 56339K, committed 56616K, reserved 1099776K
  class space    used 7006K, capacity 7263K, committed 7296K, reserved 1048576K
}
Event: 8.275 GC heap before
{Heap before GC invocations=8 (full 2):
 PSYoungGen      total 153088K, used 41909K [0x00000000d5580000, 0x00000000e2c80000, 0x0000000100000000)
  eden space 131584K, 15% used [0x00000000d5580000,0x00000000d6970a98,0x00000000dd600000)
  from space 21504K, 99% used [0x00000000dd600000,0x00000000deafca40,0x00000000deb00000)
  to   space 27136K, 0% used [0x00000000e1200000,0x00000000e1200000,0x00000000e2c80000)
 ParOldGen       total 351232K, used 24257K [0x0000000080000000, 0x0000000095700000, 0x00000000d5580000)
  object space 351232K, 6% used [0x0000000080000000,0x00000000817b04d8,0x0000000095700000)
 Metaspace       used 55705K, capacity 59013K, committed 59160K, reserved 1101824K
  class space    used 7288K, capacity 7585K, committed 7680K, reserved 1048576K
Event: 8.290 GC heap after
Heap after GC invocations=8 (full 2):
 PSYoungGen      total 190976K, used 21128K [0x00000000d5580000, 0x00000000e4380000, 0x0000000100000000)
  eden space 163840K, 0% used [0x00000000d5580000,0x00000000d5580000,0x00000000df580000)
  from space 27136K, 77% used [0x00000000e1200000,0x00000000e26a2078,0x00000000e2c80000)
  to   space 29184K, 0% used [0x00000000df580000,0x00000000df580000,0x00000000e1200000)
 ParOldGen       total 351232K, used 24265K [0x0000000080000000, 0x0000000095700000, 0x00000000d5580000)
  object space 351232K, 6% used [0x0000000080000000,0x00000000817b24d8,0x0000000095700000)
 Metaspace       used 55705K, capacity 59013K, committed 59160K, reserved 1101824K
  class space    used 7288K, capacity 7585K, committed 7680K, reserved 1048576K
}
Event: 8.290 GC heap before
{Heap before GC invocations=9 (full 3):
 PSYoungGen      total 190976K, used 21128K [0x00000000d5580000, 0x00000000e4380000, 0x0000000100000000)
  eden space 163840K, 0% used [0x00000000d5580000,0x00000000d5580000,0x00000000df580000)
  from space 27136K, 77% used [0x00000000e1200000,0x00000000e26a2078,0x00000000e2c80000)
  to   space 29184K, 0% used [0x00000000df580000,0x00000000df580000,0x00000000e1200000)
 ParOldGen       total 351232K, used 24265K [0x0000000080000000, 0x0000000095700000, 0x00000000d5580000)
  object space 351232K, 6% used [0x0000000080000000,0x00000000817b24d8,0x0000000095700000)
 Metaspace       used 55705K, capacity 59013K, committed 59160K, reserved 1101824K
  class space    used 7288K, capacity 7585K, committed 7680K, reserved 1048576K
Event: 8.390 GC heap after
Heap after GC invocations=9 (full 3):
 PSYoungGen      total 190976K, used 0K [0x00000000d5580000, 0x00000000e4380000, 0x0000000100000000)
  eden space 163840K, 0% used [0x00000000d5580000,0x00000000d5580000,0x00000000df580000)
  from space 27136K, 0% used [0x00000000e1200000,0x00000000e1200000,0x00000000e2c80000)
  to   space 29184K, 0% used [0x00000000df580000,0x00000000df580000,0x00000000e1200000)
 ParOldGen       total 351232K, used 26807K [0x0000000080000000, 0x0000000095700000, 0x00000000d5580000)
  object space 351232K, 7% used [0x0000000080000000,0x0000000081a2df28,0x0000000095700000)
 Metaspace       used 55705K, capacity 59013K, committed 59160K, reserved 1101824K
  class space    used 7288K, capacity 7585K, committed 7680K, reserved 1048576K
}
Event: 12.130 GC heap before
{Heap before GC invocations=10 (full 3):
 PSYoungGen      total 190976K, used 163840K [0x00000000d5580000, 0x00000000e4380000, 0x0000000100000000)
  eden space 163840K, 100% used [0x00000000d5580000,0x00000000df580000,0x00000000df580000)
  from space 27136K, 0% used [0x00000000e1200000,0x00000000e1200000,0x00000000e2c80000)
  to   space 29184K, 0% used [0x00000000df580000,0x00000000df580000,0x00000000e1200000)
 ParOldGen       total 351232K, used 26807K [0x0000000080000000, 0x0000000095700000, 0x00000000d5580000)
  object space 351232K, 7% used [0x0000000080000000,0x0000000081a2df28,0x0000000095700000)
 Metaspace       used 70428K, capacity 76057K, committed 76328K, reserved 1116160K
  class space    used 9062K, capacity 9481K, committed 9600K, reserved 1048576K
Event: 12.168 GC heap after
Heap after GC invocations=10 (full 3):
 PSYoungGen      total 193024K, used 29166K [0x00000000d5580000, 0x00000000e4380000, 0x0000000100000000)
  eden space 163840K, 0% used [0x00000000d5580000,0x00000000d5580000,0x00000000df580000)
  from space 29184K, 99% used [0x00000000df580000,0x00000000e11fb980,0x00000000e1200000)
  to   space 27136K, 0% used [0x00000000e1200000,0x00000000e1200000,0x00000000e2c80000)
 ParOldGen       total 351232K, used 35696K [0x0000000080000000, 0x0000000095700000, 0x00000000d5580000)
  object space 351232K, 10% used [0x0000000080000000,0x00000000822dc1b8,0x0000000095700000)
 Metaspace       used 70428K, capacity 76057K, committed 76328K, reserved 1116160K
  class space    used 9062K, capacity 9481K, committed 9600K, reserved 1048576K
}

